[19:47:05] [Server thread/INFO]: Starting minecraft server version 1.10
[19:47:05] [Server thread/INFO]: Loading properties
[19:47:06] [Server thread/INFO]: Default game type: SURVIVAL
[19:47:06] [Server thread/INFO]: Generating keypair
[19:47:06] [Server thread/INFO]: Starting Minecraft server on 192.168.1.10:25565
[19:47:06] [Server thread/INFO]: Using default channel type
[19:47:06] [Server thread/INFO]: Preparing level "Aincrad"
[19:47:06] [Server thread/INFO]: Preparing start region for level 0
[19:47:07] [Server thread/INFO]: Preparing spawn area: 23%
[19:47:08] [Server thread/INFO]: Preparing spawn area: 65%
[19:47:09] [Server thread/INFO]: Done (2,970s)! For help, type "help" or "?"
[19:47:51] [User Authenticator #1/INFO]: UUID of player Pawelecpl is 5f9c151b-f81c-4716-beff-28862e81cda8
[19:47:51] [Server thread/INFO]: Pawelecpl[/192.168.1.10:51833] logged in with entity id 113 at (238.17882515058872, 64.0, 196.61362260851115)
[19:47:51] [Server thread/INFO]: Pawelecpl joined the game
[19:48:12] [Server thread/INFO]: Pawelecpl lost connection: TextComponent{text='Disconnected', siblings=[], style=Style{hasParent=false, color=null, bold=null, italic=null, underlined=null, obfuscated=null, clickEvent=null, hoverEvent=null, insertion=null}}
[19:48:12] [Server thread/INFO]: Pawelecpl left the game
[19:51:15] [User Authenticator #2/INFO]: UUID of player Pawelecpl is 5f9c151b-f81c-4716-beff-28862e81cda8
[19:51:15] [Server thread/INFO]: Pawelecpl[/192.168.1.10:51884] logged in with entity id 641 at (234.84952765602313, 66.0, 210.90987824389865)
[19:51:15] [Server thread/INFO]: Pawelecpl joined the game
[19:52:19] [Server thread/INFO]: Pawelecpl lost connection: TextComponent{text='Disconnected', siblings=[], style=Style{hasParent=false, color=null, bold=null, italic=null, underlined=null, obfuscated=null, clickEvent=null, hoverEvent=null, insertion=null}}
[19:52:19] [Server thread/INFO]: Pawelecpl left the game
